[2023-09-15T12:27:23.136+0000] {logging_mixin.py:151} INFO - Changing /opt/***/logs/dag_id=***_pipeline/run_id=scheduled__2023-09-14T00:00:00+00:00/task_id=branching permission to 509
[2023-09-15T12:27:23.251+0000] {logging_mixin.py:151} INFO - Changing /opt/***/logs/dag_id=***_pipeline/run_id=scheduled__2023-09-14T00:00:00+00:00/task_id=branching permission to 509
[2023-09-15T12:27:23.345+0000] {taskinstance.py:1157} INFO - Dependencies all met for dep_context=non-requeueable deps ti=<TaskInstance: airflow_pipeline.branching scheduled__2023-09-14T00:00:00+00:00 [queued]>
[2023-09-15T12:27:23.362+0000] {taskinstance.py:1157} INFO - Dependencies all met for dep_context=requeueable deps ti=<TaskInstance: airflow_pipeline.branching scheduled__2023-09-14T00:00:00+00:00 [queued]>
[2023-09-15T12:27:23.364+0000] {taskinstance.py:1359} INFO - Starting attempt 1 of 2
[2023-09-15T12:27:23.386+0000] {taskinstance.py:1380} INFO - Executing <Task(BranchPythonOperator): branching> on 2023-09-14 00:00:00+00:00
[2023-09-15T12:27:23.396+0000] {standard_task_runner.py:57} INFO - Started process 3617 to run task
[2023-09-15T12:27:23.400+0000] {standard_task_runner.py:84} INFO - Running: ['***', 'tasks', 'run', '***_pipeline', 'branching', 'scheduled__2023-09-14T00:00:00+00:00', '--job-id', '25', '--raw', '--subdir', 'DAGS_FOLDER/***_pipeline.py', '--cfg-path', '/tmp/tmpn_fr03wd']
[2023-09-15T12:27:23.404+0000] {standard_task_runner.py:85} INFO - Job 25: Subtask branching
[2023-09-15T12:27:23.466+0000] {logging_mixin.py:151} INFO - Changing /opt/***/logs/dag_id=***_pipeline/run_id=scheduled__2023-09-14T00:00:00+00:00/task_id=branching permission to 509
[2023-09-15T12:27:23.500+0000] {task_command.py:415} INFO - Running <TaskInstance: airflow_pipeline.branching scheduled__2023-09-14T00:00:00+00:00 [running]> on host 2d5ab14694ee
[2023-09-15T12:27:23.665+0000] {taskinstance.py:1660} INFO - Exporting env vars: AIRFLOW_CTX_DAG_EMAIL='tantruong.ph@gmail.com' AIRFLOW_CTX_DAG_OWNER='Airflow' AIRFLOW_CTX_DAG_ID='***_pipeline' AIRFLOW_CTX_TASK_ID='branching' AIRFLOW_CTX_EXECUTION_DATE='2023-09-14T00:00:00+00:00' AIRFLOW_CTX_TRY_NUMBER='1' AIRFLOW_CTX_DAG_RUN_ID='scheduled__2023-09-14T00:00:00+00:00'
[2023-09-15T12:27:23.677+0000] {logging_mixin.py:151} INFO - Không tìm thấy tệp nào.
[2023-09-15T12:27:23.678+0000] {python.py:194} INFO - Done. Returned value was: clear_file
[2023-09-15T12:27:23.679+0000] {python.py:227} INFO - Branch callable return clear_file
[2023-09-15T12:27:23.681+0000] {skipmixin.py:173} INFO - Following branch clear_file
[2023-09-15T12:27:23.717+0000] {skipmixin.py:239} INFO - Skipping tasks []
[2023-09-15T12:27:23.798+0000] {taskinstance.py:1398} INFO - Marking task as SUCCESS. dag_id=***_pipeline, task_id=branching, execution_date=20230914T000000, start_date=20230915T122723, end_date=20230915T122723
[2023-09-15T12:27:23.854+0000] {local_task_job_runner.py:228} INFO - Task exited with return code 0
[2023-09-15T12:27:23.939+0000] {taskinstance.py:2776} INFO - 1 downstream tasks scheduled from follow-on schedule check
