[2023-09-15T12:36:01.975+0000] {logging_mixin.py:151} INFO - Changing /opt/***/logs/dag_id=***_pipeline/run_id=scheduled__2023-09-14T00:00:00+00:00/task_id=import_answers_mongo permission to 509
[2023-09-15T12:36:02.033+0000] {logging_mixin.py:151} INFO - Changing /opt/***/logs/dag_id=***_pipeline/run_id=scheduled__2023-09-14T00:00:00+00:00/task_id=import_answers_mongo permission to 509
[2023-09-15T12:36:02.099+0000] {taskinstance.py:1157} INFO - Dependencies all met for dep_context=non-requeueable deps ti=<TaskInstance: airflow_pipeline.import_answers_mongo scheduled__2023-09-14T00:00:00+00:00 [queued]>
[2023-09-15T12:36:02.114+0000] {taskinstance.py:1157} INFO - Dependencies all met for dep_context=requeueable deps ti=<TaskInstance: airflow_pipeline.import_answers_mongo scheduled__2023-09-14T00:00:00+00:00 [queued]>
[2023-09-15T12:36:02.115+0000] {taskinstance.py:1359} INFO - Starting attempt 2 of 2
[2023-09-15T12:36:02.135+0000] {taskinstance.py:1380} INFO - Executing <Task(BashOperator): import_answers_mongo> on 2023-09-14 00:00:00+00:00
[2023-09-15T12:36:02.145+0000] {standard_task_runner.py:57} INFO - Started process 3909 to run task
[2023-09-15T12:36:02.151+0000] {standard_task_runner.py:84} INFO - Running: ['***', 'tasks', 'run', '***_pipeline', 'import_answers_mongo', 'scheduled__2023-09-14T00:00:00+00:00', '--job-id', '32', '--raw', '--subdir', 'DAGS_FOLDER/***_pipeline.py', '--cfg-path', '/tmp/tmpnxvwjbwa']
[2023-09-15T12:36:02.157+0000] {standard_task_runner.py:85} INFO - Job 32: Subtask import_answers_mongo
[2023-09-15T12:36:02.238+0000] {logging_mixin.py:151} INFO - Changing /opt/***/logs/dag_id=***_pipeline/run_id=scheduled__2023-09-14T00:00:00+00:00/task_id=import_answers_mongo permission to 509
[2023-09-15T12:36:02.256+0000] {task_command.py:415} INFO - Running <TaskInstance: airflow_pipeline.import_answers_mongo scheduled__2023-09-14T00:00:00+00:00 [running]> on host 2d5ab14694ee
[2023-09-15T12:36:02.349+0000] {taskinstance.py:1660} INFO - Exporting env vars: AIRFLOW_CTX_DAG_EMAIL='tantruong.ph@gmail.com' AIRFLOW_CTX_DAG_OWNER='Airflow' AIRFLOW_CTX_DAG_ID='***_pipeline' AIRFLOW_CTX_TASK_ID='import_answers_mongo' AIRFLOW_CTX_EXECUTION_DATE='2023-09-14T00:00:00+00:00' AIRFLOW_CTX_TRY_NUMBER='2' AIRFLOW_CTX_DAG_RUN_ID='scheduled__2023-09-14T00:00:00+00:00'
[2023-09-15T12:36:02.354+0000] {subprocess.py:63} INFO - Tmp dir root location: /tmp
[2023-09-15T12:36:02.355+0000] {subprocess.py:75} INFO - Running command: ['/bin/bash', '-c', 'mongoimport "mongodb://admin:password@mongo:27017/stackoverflow?authSource=admin" -u admin -p password --type csv -d stackoverflow -c answers --headerline --drop /usr/local/share/data/Answers.csv']
[2023-09-15T12:36:02.376+0000] {subprocess.py:86} INFO - Output:
[2023-09-15T12:36:02.403+0000] {subprocess.py:93} INFO - 2023-09-15T12:36:02.403+0000	Failed: open /usr/local/share/data/Answers.csv: no such file or directory
[2023-09-15T12:36:02.405+0000] {subprocess.py:93} INFO - 2023-09-15T12:36:02.403+0000	0 document(s) imported successfully. 0 document(s) failed to import.
[2023-09-15T12:36:02.406+0000] {subprocess.py:97} INFO - Command exited with return code 1
[2023-09-15T12:36:02.422+0000] {taskinstance.py:1935} ERROR - Task failed with exception
Traceback (most recent call last):
  File "/home/airflow/.local/lib/python3.9/site-packages/airflow/operators/bash.py", line 210, in execute
    raise AirflowException(
airflow.exceptions.AirflowException: Bash command failed. The command returned a non-zero exit code 1.
[2023-09-15T12:36:02.429+0000] {taskinstance.py:1398} INFO - Marking task as FAILED. dag_id=***_pipeline, task_id=import_answers_mongo, execution_date=20230914T000000, start_date=20230915T123602, end_date=20230915T123602
[2023-09-15T12:36:02.447+0000] {standard_task_runner.py:104} ERROR - Failed to execute job 32 for task import_answers_mongo (Bash command failed. The command returned a non-zero exit code 1.; 3909)
[2023-09-15T12:36:02.483+0000] {local_task_job_runner.py:228} INFO - Task exited with return code 1
[2023-09-15T12:36:02.525+0000] {taskinstance.py:2776} INFO - 0 downstream tasks scheduled from follow-on schedule check
