[2023-09-15T12:29:59.124+0000] {logging_mixin.py:151} INFO - Changing /opt/***/logs/dag_id=***_pipeline/run_id=manual__2023-09-15T12:29:35.614433+00:00/task_id=branching permission to 509
[2023-09-15T12:29:59.313+0000] {logging_mixin.py:151} INFO - Changing /opt/***/logs/dag_id=***_pipeline/run_id=manual__2023-09-15T12:29:35.614433+00:00/task_id=branching permission to 509
[2023-09-15T12:29:59.458+0000] {taskinstance.py:1157} INFO - Dependencies all met for dep_context=non-requeueable deps ti=<TaskInstance: airflow_pipeline.branching manual__2023-09-15T12:29:35.614433+00:00 [queued]>
[2023-09-15T12:29:59.478+0000] {taskinstance.py:1157} INFO - Dependencies all met for dep_context=requeueable deps ti=<TaskInstance: airflow_pipeline.branching manual__2023-09-15T12:29:35.614433+00:00 [queued]>
[2023-09-15T12:29:59.479+0000] {taskinstance.py:1359} INFO - Starting attempt 1 of 2
[2023-09-15T12:29:59.516+0000] {taskinstance.py:1380} INFO - Executing <Task(BranchPythonOperator): branching> on 2023-09-15 12:29:35.614433+00:00
[2023-09-15T12:29:59.526+0000] {standard_task_runner.py:57} INFO - Started process 3685 to run task
[2023-09-15T12:29:59.536+0000] {standard_task_runner.py:84} INFO - Running: ['***', 'tasks', 'run', '***_pipeline', 'branching', 'manual__2023-09-15T12:29:35.614433+00:00', '--job-id', '29', '--raw', '--subdir', 'DAGS_FOLDER/***_pipeline.py', '--cfg-path', '/tmp/tmpaabfcae5']
[2023-09-15T12:29:59.548+0000] {standard_task_runner.py:85} INFO - Job 29: Subtask branching
[2023-09-15T12:29:59.663+0000] {logging_mixin.py:151} INFO - Changing /opt/***/logs/dag_id=***_pipeline/run_id=manual__2023-09-15T12:29:35.614433+00:00/task_id=branching permission to 509
[2023-09-15T12:29:59.697+0000] {task_command.py:415} INFO - Running <TaskInstance: airflow_pipeline.branching manual__2023-09-15T12:29:35.614433+00:00 [running]> on host 2d5ab14694ee
[2023-09-15T12:29:59.891+0000] {taskinstance.py:1660} INFO - Exporting env vars: AIRFLOW_CTX_DAG_EMAIL='tantruong.ph@gmail.com' AIRFLOW_CTX_DAG_OWNER='Airflow' AIRFLOW_CTX_DAG_ID='***_pipeline' AIRFLOW_CTX_TASK_ID='branching' AIRFLOW_CTX_EXECUTION_DATE='2023-09-15T12:29:35.614433+00:00' AIRFLOW_CTX_TRY_NUMBER='1' AIRFLOW_CTX_DAG_RUN_ID='manual__2023-09-15T12:29:35.614433+00:00'
[2023-09-15T12:30:00.207+0000] {logging_mixin.py:151} INFO - Tệp /usr/local/share/data/Questions.csv đã tồn tại.
[2023-09-15T12:30:00.210+0000] {logging_mixin.py:151} INFO - Tệp /usr/local/share/data/Answers.csv đã tồn tại.
[2023-09-15T12:30:00.211+0000] {python.py:194} INFO - Done. Returned value was: end
[2023-09-15T12:30:00.213+0000] {python.py:227} INFO - Branch callable return end
[2023-09-15T12:30:00.214+0000] {skipmixin.py:173} INFO - Following branch end
[2023-09-15T12:30:00.273+0000] {skipmixin.py:239} INFO - Skipping tasks [('clear_file', -1)]
[2023-09-15T12:30:00.367+0000] {taskinstance.py:1398} INFO - Marking task as SUCCESS. dag_id=***_pipeline, task_id=branching, execution_date=20230915T122935, start_date=20230915T122959, end_date=20230915T123000
[2023-09-15T12:30:00.433+0000] {local_task_job_runner.py:228} INFO - Task exited with return code 0
[2023-09-15T12:30:00.520+0000] {taskinstance.py:2776} INFO - 0 downstream tasks scheduled from follow-on schedule check
